This is pdfTeX, Version 3.14159265-2.6-1.40.18 (MiKTeX 2.9.6350 64-bit) (preloaded format=pdflatex 2017.11.29)  29 JAN 2018 14:24
entering extended mode
**./MT.tex
(MT.tex
LaTeX2e <2017-04-15>
Babel <3.10> and hyphenation patterns for 75 language(s) loaded.
(Kapitel/Config.tex ("C:\Program Files\MiKTeX 2.9\tex\latex\koma-script\scrreprt.cls"
Document Class: scrreprt 2017/09/07 v3.24 KOMA-Script document class (report)
("C:\Program Files\MiKTeX 2.9\tex\latex\koma-script\scrkbase.sty"
Package: scrkbase 2017/09/07 v3.24 KOMA-Script package (KOMA-Script-dependent basics and keyval usage)

("C:\Program Files\MiKTeX 2.9\tex\latex\koma-script\scrbase.sty"
Package: scrbase 2017/09/07 v3.24 KOMA-Script package (KOMA-Script-independent basics and keyval usage)

("C:\Program Files\MiKTeX 2.9\tex\latex\graphics\keyval.sty"
Package: keyval 2014/10/28 v1.15 key=value parser (DPC)
\KV@toks@=\toks14
)
("C:\Program Files\MiKTeX 2.9\tex\latex\koma-script\scrlfile.sty"
Package: scrlfile 2017/09/07 v3.24 KOMA-Script package (loading files)
)))
("C:\Program Files\MiKTeX 2.9\tex\latex\koma-script\tocbasic.sty"
Package: tocbasic 2017/09/07 v3.24 KOMA-Script package (handling toc-files)
\scr@dte@tocline@numberwidth=\skip41
\scr@dte@tocline@numbox=\box26
)
Package tocbasic Info: omitting babel extension for `toc'
(tocbasic)             because of feature `nobabel' available
(tocbasic)             for `toc' on input line 135.
Package tocbasic Info: omitting babel extension for `lof'
(tocbasic)             because of feature `nobabel' available
(tocbasic)             for `lof' on input line 137.
Package tocbasic Info: omitting babel extension for `lot'
(tocbasic)             because of feature `nobabel' available
(tocbasic)             for `lot' on input line 138.
Package tocbasic Info: defining new hook before heading of `' on input line 1627.
Class scrreprt Info: You've used standard option `oneside'.
(scrreprt)           This is correct!
(scrreprt)           Internally I'm using `twoside=false'.
(scrreprt)           If you'd like to set the option with \KOMAoptions,
(scrreprt)           you'd have to use `twoside=false' there
(scrreprt)           instead of `oneside', too.
Package scrreprt Info: You've used standard option `12pt'.
(scrreprt)             This is correct!
(scrreprt)             Internally I'm using `fontsize=12pt'.
(scrreprt)             If you'd like to set the option with \KOMAoptions,
(scrreprt)             you'd have to use `fontsize=12pt' there
(scrreprt)             instead of `12pt', too.
Class scrreprt Info: File `scrsize12pt.clo' used to setup font sizes on input line 2293.

("C:\Program Files\MiKTeX 2.9\tex\latex\koma-script\scrsize12pt.clo"
File: scrsize12pt.clo 2017/09/07 v3.24 KOMA-Script font size class option (12pt)
)
("C:\Program Files\MiKTeX 2.9\tex\latex\koma-script\typearea.sty"
Package: typearea 2017/09/07 v3.24 KOMA-Script package (type area)
\ta@bcor=\skip42
\ta@div=\count79
Package typearea Info: You've used standard option `oneside'.
(typearea)             This is correct!
(typearea)             Internally I'm using `twoside=false'.
(typearea)             If you'd like to set the option with \KOMAoptions,
(typearea)             you'd have to use `twoside=false' there
(typearea)             instead of `oneside', too.
Package typearea Info: You've used standard option `a4paper'.
(typearea)             This is correct!
(typearea)             Internally I'm using `paper=a4'.
(typearea)             If you'd like to set the option with \KOMAoptions,
(typearea)             you'd have to use `paper=a4' there
(typearea)             instead of `a4paper', too.
\ta@hblk=\skip43
\ta@vblk=\skip44
\ta@temp=\skip45
\footheight=\skip46
Package typearea Info: These are the values describing the layout:
(typearea)             DIV  = 12
(typearea)             BCOR = 0.0pt
(typearea)             \paperwidth      = 597.50793pt
(typearea)              \textwidth      = 448.13095pt
(typearea)              DIV departure   = -6%
(typearea)              \evensidemargin = 2.4185pt
(typearea)              \oddsidemargin  = 2.4185pt
(typearea)             \paperheight     = 845.04694pt
(typearea)              \textheight     = 635.5pt
(typearea)              \topmargin      = -41.72441pt
(typearea)              \headheight     = 18.125pt
(typearea)              \headsep        = 21.75pt
(typearea)              \topskip        = 12.0pt
(typearea)              \footskip       = 50.75pt
(typearea)              \baselineskip   = 14.5pt
(typearea)              on input line 1686.
)
\c@part=\count80
\c@chapter=\count81
\c@section=\count82
\c@subsection=\count83
\c@subsubsection=\count84
\c@paragraph=\count85
\c@subparagraph=\count86
\scr@dte@part@maxnumwidth=\skip47
\scr@dte@chapter@maxnumwidth=\skip48
\scr@dte@section@maxnumwidth=\skip49
\scr@dte@subsection@maxnumwidth=\skip50
\scr@dte@subsubsection@maxnumwidth=\skip51
\scr@dte@paragraph@maxnumwidth=\skip52
\scr@dte@subparagraph@maxnumwidth=\skip53
LaTeX Info: Redefining \textsubscript on input line 4964.
\abovecaptionskip=\skip54
\belowcaptionskip=\skip55
\c@pti@nb@sid@b@x=\box27
\c@figure=\count87
\c@table=\count88
Class scrreprt Info: Redefining `\numberline' on input line 6130.
\bibindent=\dimen102
) (artlos.sty) (artlob.sty) (artlow.sty)
("C:\Program Files\MiKTeX 2.9\tex\generic\german\ngerman.sty" v2.5e 1998-07-08
Package: ngerman 1998/07/08 v2.5e Support for writing german texts (br)
\grmnU@D=\dimen103
ngerman -- \language number for naustrian undefined, default 45 used.
)
("C:\Program Files\MiKTeX 2.9\tex\latex\base\fontenc.sty"
Package: fontenc 2017/04/05 v2.0i Standard LaTeX package
 ("C:\Program Files\MiKTeX 2.9\tex\latex\base\t1enc.def"
File: t1enc.def 2017/04/05 v2.0i Standard LaTeX file
LaTeX Font Info:    Redeclaring font encoding T1 on input line 48.
))
("C:\Program Files\MiKTeX 2.9\tex\latex\base\inputenc.sty"
Package: inputenc 2015/03/17 v1.2c Input encoding file
\inpenc@prehook=\toks15
\inpenc@posthook=\toks16
 ("C:\Program Files\MiKTeX 2.9\tex\latex\base\latin1.def"
File: latin1.def 2015/03/17 v1.2c Input encoding file
))
("C:\Program Files\MiKTeX 2.9\tex\latex\pslatex\pslatex.sty"
Package: pslatex 1996/07/24 v1.2 pslatex emulation (DPC)
LaTeX Font Info:    Redeclaring symbol font `operators' on input line 65.
LaTeX Font Info:    Overwriting symbol font `operators' in version `normal'
(Font)                  OT1/cmr/m/n --> OT1/ptmcm/m/n on input line 65.
LaTeX Font Info:    Overwriting symbol font `operators' in version `bold'
(Font)                  OT1/cmr/bx/n --> OT1/ptmcm/m/n on input line 65.
LaTeX Font Info:    Redeclaring symbol font `letters' on input line 66.
LaTeX Font Info:    Overwriting symbol font `letters' in version `normal'
(Font)                  OML/cmm/m/it --> OML/ptmcm/m/it on input line 66.
LaTeX Font Info:    Overwriting symbol font `letters' in version `bold'
(Font)                  OML/cmm/b/it --> OML/ptmcm/m/it on input line 66.
LaTeX Font Info:    Redeclaring symbol font `symbols' on input line 67.
LaTeX Font Info:    Overwriting symbol font `symbols' in version `normal'
(Font)                  OMS/cmsy/m/n --> OMS/pzccm/m/n on input line 67.
LaTeX Font Info:    Overwriting symbol font `symbols' in version `bold'
(Font)                  OMS/cmsy/b/n --> OMS/pzccm/m/n on input line 67.
LaTeX Font Info:    Redeclaring symbol font `largesymbols' on input line 68.
LaTeX Font Info:    Overwriting symbol font `largesymbols' in version `normal'
(Font)                  OMX/cmex/m/n --> OMX/psycm/m/n on input line 68.
LaTeX Font Info:    Overwriting symbol font `largesymbols' in version `bold'
(Font)                  OMX/cmex/m/n --> OMX/psycm/m/n on input line 68.
\symbold=\mathgroup4
\symitalic=\mathgroup5
LaTeX Font Info:    Redeclaring math alphabet \mathbf on input line 74.
LaTeX Font Info:    Overwriting math alphabet `\mathbf' in version `normal'
(Font)                  OT1/cmr/bx/n --> OT1/ptm/bx/n on input line 74.
LaTeX Font Info:    Overwriting math alphabet `\mathbf' in version `bold'
(Font)                  OT1/cmr/bx/n --> OT1/ptm/bx/n on input line 74.
LaTeX Font Info:    Redeclaring math alphabet \mathit on input line 75.
LaTeX Font Info:    Overwriting math alphabet `\mathit' in version `normal'
(Font)                  OT1/cmr/m/it --> OT1/ptm/m/it on input line 75.
LaTeX Font Info:    Overwriting math alphabet `\mathit' in version `bold'
(Font)                  OT1/cmr/bx/it --> OT1/ptm/m/it on input line 75.
)
("C:\Program Files\MiKTeX 2.9\tex\latex\graphics\graphicx.sty"
Package: graphicx 2014/10/28 v1.0g Enhanced LaTeX Graphics (DPC,SPQR)

("C:\Program Files\MiKTeX 2.9\tex\latex\graphics\graphics.sty"
Package: graphics 2017/04/14 v1.1b Standard LaTeX Graphics (DPC,SPQR)
 ("C:\Program Files\MiKTeX 2.9\tex\latex\graphics\trig.sty"
Package: trig 2016/01/03 v1.10 sin cos tan (DPC)
) ("C:\Program Files\MiKTeX 2.9\tex\latex\graphics-cfg\graphics.cfg"
File: graphics.cfg 2016/06/04 v1.11 sample graphics configuration
)
Package graphics Info: Driver file: pdftex.def on input line 99.

("C:\Program Files\MiKTeX 2.9\tex\latex\graphics-def\pdftex.def"
File: pdftex.def 2017/01/12 v0.06k Graphics/color for pdfTeX

("C:\Program Files\MiKTeX 2.9\tex\generic\oberdiek\infwarerr.sty"
Package: infwarerr 2016/05/16 v1.4 Providing info/warning/error messages (HO)
)
("C:\Program Files\MiKTeX 2.9\tex\generic\oberdiek\ltxcmds.sty"
Package: ltxcmds 2016/05/16 v1.23 LaTeX kernel commands for general use (HO)
)
\Gread@gobject=\count89
))
\Gin@req@height=\dimen104
\Gin@req@width=\dimen105
)
("C:\Program Files\MiKTeX 2.9\tex\latex\base\makeidx.sty"
Package: makeidx 2014/09/29 v1.0m Standard LaTeX package
)
\@indexfile=\write3
\openout3 = `MT.idx'.


Writing index file MT.idx

Class scrreprt Warning: Usage of package `fancyhdr' together
(scrreprt)              with a KOMA-Script class is not recommended.
(scrreprt)              I'd suggest to use 
(scrreprt)              package `scrlayer' or `scrlayer-scrpage', because
(scrreprt)              they support KOMA-Script classes.
(scrreprt)              With `fancyhdr' several features of class `scrreprt'
(scrreprt)              like options `headsepline', `footsepline' or command
(scrreprt)              `\MakeMarkcase' and the commands `\setkomafont' and
(scrreprt)              `\addtokomafont' for the page style elements need
(scrreprt)              explicite user intervention to work.
(scrreprt)              Nevertheless, using requested
(scrreprt)              package `fancyhdr' on input line 37.

("C:\Program Files\MiKTeX 2.9\tex\latex\fancyhdr\fancyhdr.sty"
Package: fancyhdr 2017/06/30 v3.9a Extensive control of page headers and footers
\f@nch@headwidth=\skip56
\f@nch@O@elh=\skip57
\f@nch@O@erh=\skip58
\f@nch@O@olh=\skip59
\f@nch@O@orh=\skip60
\f@nch@O@elf=\skip61
\f@nch@O@erf=\skip62
\f@nch@O@olf=\skip63
\f@nch@O@orf=\skip64
)
("C:\Program Files\MiKTeX 2.9\tex\latex\hyperref\hyperref.sty"
Package: hyperref 2017/03/14 v6.85a Hypertext links for LaTeX

("C:\Program Files\MiKTeX 2.9\tex\generic\oberdiek\hobsub-hyperref.sty"
Package: hobsub-hyperref 2016/05/16 v1.14 Bundle oberdiek, subset hyperref (HO)

("C:\Program Files\MiKTeX 2.9\tex\generic\oberdiek\hobsub-generic.sty"
Package: hobsub-generic 2016/05/16 v1.14 Bundle oberdiek, subset generic (HO)
Package: hobsub 2016/05/16 v1.14 Construct package bundles (HO)
Package hobsub Info: Skipping package `infwarerr' (already loaded).
Package hobsub Info: Skipping package `ltxcmds' (already loaded).
Package: ifluatex 2016/05/16 v1.4 Provides the ifluatex switch (HO)
Package ifluatex Info: LuaTeX not detected.
Package: ifvtex 2016/05/16 v1.6 Detect VTeX and its facilities (HO)
Package ifvtex Info: VTeX not detected.
Package: intcalc 2016/05/16 v1.2 Expandable calculations with integers (HO)
Package: ifpdf 2017/03/15 v3.2 Provides the ifpdf switch
Package: etexcmds 2016/05/16 v1.6 Avoid name clashes with e-TeX commands (HO)
Package etexcmds Info: Could not find \expanded.
(etexcmds)             That can mean that you are not using pdfTeX 1.50 or
(etexcmds)             that some package has redefined \expanded.
(etexcmds)             In the latter case, load this package earlier.
Package: kvsetkeys 2016/05/16 v1.17 Key value parser (HO)
Package: kvdefinekeys 2016/05/16 v1.4 Define keys (HO)
Package: pdftexcmds 2017/03/19 v0.25 Utility functions of pdfTeX for LuaTeX (HO)
Package pdftexcmds Info: LuaTeX not detected.
Package pdftexcmds Info: \pdf@primitive is available.
Package pdftexcmds Info: \pdf@ifprimitive is available.
Package pdftexcmds Info: \pdfdraftmode found.
Package: pdfescape 2016/05/16 v1.14 Implements pdfTeX's escape features (HO)
Package: bigintcalc 2016/05/16 v1.4 Expandable calculations on big integers (HO)
Package: bitset 2016/05/16 v1.2 Handle bit-vector datatype (HO)
Package: uniquecounter 2016/05/16 v1.3 Provide unlimited unique counter (HO)
)
Package hobsub Info: Skipping package `hobsub' (already loaded).
Package: letltxmacro 2016/05/16 v1.5 Let assignment for LaTeX macros (HO)
Package: hopatch 2016/05/16 v1.3 Wrapper for package hooks (HO)
Package: xcolor-patch 2016/05/16 xcolor patch
Package: atveryend 2016/05/16 v1.9 Hooks at the very end of document (HO)
Package atveryend Info: \enddocument detected (standard20110627).
Package: atbegshi 2016/06/09 v1.18 At begin shipout hook (HO)
Package: refcount 2016/05/16 v3.5 Data extraction from label references (HO)
Package: hycolor 2016/05/16 v1.8 Color options for hyperref/bookmark (HO)
)
("C:\Program Files\MiKTeX 2.9\tex\generic\ifxetex\ifxetex.sty"
Package: ifxetex 2010/09/12 v0.6 Provides ifxetex conditional
)
("C:\Program Files\MiKTeX 2.9\tex\latex\oberdiek\auxhook.sty"
Package: auxhook 2016/05/16 v1.4 Hooks for auxiliary files (HO)
)
("C:\Program Files\MiKTeX 2.9\tex\latex\oberdiek\kvoptions.sty"
Package: kvoptions 2016/05/16 v3.12 Key value format for package options (HO)
)
\@linkdim=\dimen106
\Hy@linkcounter=\count90
\Hy@pagecounter=\count91

("C:\Program Files\MiKTeX 2.9\tex\latex\hyperref\pd1enc.def"
File: pd1enc.def 2017/03/14 v6.85a Hyperref: PDFDocEncoding definition (HO)
)
\Hy@SavedSpaceFactor=\count92

("C:\Program Files\MiKTeX 2.9\tex\latex\00miktex\hyperref.cfg"
File: hyperref.cfg 2002/06/06 v1.2 hyperref configuration of TeXLive
)
Package hyperref Info: Option `bookmarksopen' set `true' on input line 4374.
Package hyperref Info: Option `plainpages' set `false' on input line 4374.
Package hyperref Info: Hyper figures OFF on input line 4498.
Package hyperref Info: Link nesting OFF on input line 4503.
Package hyperref Info: Hyper index ON on input line 4506.
Package hyperref Info: Plain pages OFF on input line 4513.
Package hyperref Info: Backreferencing OFF on input line 4518.
Package hyperref Info: Implicit mode ON; LaTeX internals redefined.
Package hyperref Info: Bookmarks ON on input line 4751.
\c@Hy@tempcnt=\count93
 ("C:\Program Files\MiKTeX 2.9\tex\latex\url\url.sty"
\Urlmuskip=\muskip10
Package: url 2013/09/16  ver 3.4  Verb mode for urls, etc.
)
LaTeX Info: Redefining \url on input line 5104.
\XeTeXLinkMargin=\dimen107
\Fld@menulength=\count94
\Field@Width=\dimen108
\Fld@charsize=\dimen109
Package hyperref Info: Hyper figures OFF on input line 6358.
Package hyperref Info: Link nesting OFF on input line 6363.
Package hyperref Info: Hyper index ON on input line 6366.
Package hyperref Info: backreferencing OFF on input line 6373.
Package hyperref Info: Link coloring OFF on input line 6378.
Package hyperref Info: Link coloring with OCG OFF on input line 6383.
Package hyperref Info: PDF/A mode OFF on input line 6388.
LaTeX Info: Redefining \ref on input line 6428.
LaTeX Info: Redefining \pageref on input line 6432.
\Hy@abspage=\count95
\c@Item=\count96
\c@Hfootnote=\count97
)

Package hyperref Message: Driver (autodetected): hpdftex.

("C:\Program Files\MiKTeX 2.9\tex\latex\hyperref\hpdftex.def"
File: hpdftex.def 2017/03/14 v6.85a Hyperref driver for pdfTeX
\Fld@listcount=\count98
\c@bookmark@seq@number=\count99

("C:\Program Files\MiKTeX 2.9\tex\latex\oberdiek\rerunfilecheck.sty"
Package: rerunfilecheck 2016/05/16 v1.8 Rerun checks for auxiliary files (HO)
Package uniquecounter Info: New unique counter `rerunfilecheck' on input line 282.
)
\Hy@SectionHShift=\skip65
)
("C:\Program Files\MiKTeX 2.9\tex\latex\nomencl\nomencl.sty"
Package: nomencl 2005/09/22 v4.2 Nomenclature package (LN)
\nomlabelwidth=\dimen110
\nom@tempdim=\dimen111
\nomitemsep=\skip66
)
\@glossaryfile=\write4
\openout4 = `MT.glo'.


Writing glossary file MT.glo 
("C:\Program Files\MiKTeX 2.9\tex\latex\ulem\ulem.sty"
\UL@box=\box28
\UL@hyphenbox=\box29
\UL@skip=\skip67
\UL@hook=\toks17
\UL@height=\dimen112
\UL@pe=\count100
\UL@pixel=\dimen113
\ULC@box=\box30
Package: ulem 2012/05/18
\ULdepth=\dimen114
) ("C:\Program Files\MiKTeX 2.9\tex\latex\tools\array.sty"
Package: array 2016/10/06 v2.4d Tabular extension package (FMi)
\col@sep=\dimen115
\extrarowheight=\dimen116
\NC@list=\toks18
\extratabsurround=\skip68
\backup@length=\skip69
))
(MT.aux (Kapitel/Support_Vector_Klassifikation.aux) (Kapitel/Noch_ein_Kapitel.aux) (Kapitel/Literaturverzeichnis.aux)
(Kapitel/Ehrenwoertliche_Erklaerung.aux) (Kapitel/Ausgewaehlte_Beweise.aux))
\openout1 = `MT.aux'.

LaTeX Font Info:    Checking defaults for OML/cmm/m/it on input line 4.
LaTeX Font Info:    ... okay on input line 4.
LaTeX Font Info:    Checking defaults for T1/cmr/m/n on input line 4.
LaTeX Font Info:    ... okay on input line 4.
LaTeX Font Info:    Checking defaults for OT1/cmr/m/n on input line 4.
LaTeX Font Info:    ... okay on input line 4.
LaTeX Font Info:    Checking defaults for OMS/pzccm/m/n on input line 4.
LaTeX Font Info:    Try loading font information for OMS+pzccm on input line 4.

("C:\Program Files\MiKTeX 2.9\tex\latex\psnfss\omspzccm.fd"
File: omspzccm.fd 2000/01/03 Fontinst v1.801 font definitions for OMS/pzccm.
)
LaTeX Font Info:    ... okay on input line 4.
LaTeX Font Info:    Checking defaults for OMX/cmex/m/n on input line 4.
LaTeX Font Info:    ... okay on input line 4.
LaTeX Font Info:    Checking defaults for U/cmr/m/n on input line 4.
LaTeX Font Info:    ... okay on input line 4.
LaTeX Font Info:    Checking defaults for PD1/pdf/m/n on input line 4.
LaTeX Font Info:    ... okay on input line 4.
 ("C:\Program Files\MiKTeX 2.9\tex\context\base\supp-pdf.mkii"
[Loading MPS to PDF converter (version 2006.09.02).]
\scratchcounter=\count101
\scratchdimen=\dimen117
\scratchbox=\box31
\nofMPsegments=\count102
\nofMParguments=\count103
\everyMPshowfont=\toks19
\MPscratchCnt=\count104
\MPscratchDim=\dimen118
\MPnumerator=\count105
\makeMPintoPDFobject=\count106
\everyMPtoPDFconversion=\toks20
) ("C:\Program Files\MiKTeX 2.9\tex\latex\oberdiek\epstopdf-base.sty"
Package: epstopdf-base 2016/05/15 v2.6 Base part for package epstopdf

("C:\Program Files\MiKTeX 2.9\tex\latex\oberdiek\grfext.sty"
Package: grfext 2016/05/16 v1.2 Manage graphics extensions (HO)
)
Package epstopdf-base Info: Redefining graphics rule for `.eps' on input line 438.
Package grfext Info: Graphics extension search list:
(grfext)             [.png,.pdf,.jpg,.mps,.jpeg,.jbig2,.jb2,.PNG,.PDF,.JPG,.JPEG,.JBIG2,.JB2,.eps]
(grfext)             \AppendGraphicsExtensions on input line 456.
)
\AtBeginShipoutBox=\box32
Package hyperref Info: Link coloring OFF on input line 4.

("C:\Program Files\MiKTeX 2.9\tex\latex\hyperref\nameref.sty"
Package: nameref 2016/05/21 v2.44 Cross-referencing by name of section

("C:\Program Files\MiKTeX 2.9\tex\generic\oberdiek\gettitlestring.sty"
Package: gettitlestring 2016/05/16 v1.5 Cleanup title references (HO)
)
\c@section@level=\count107
)
LaTeX Info: Redefining \ref on input line 4.
LaTeX Info: Redefining \pageref on input line 4.
LaTeX Info: Redefining \nameref on input line 4.
 (MT.out) (MT.out)
\@outlinefile=\write5
\openout5 = `MT.out'.

 (Kapitel/deckblatt.tex
<pics/logo.jpg, id=51, 1185.42876pt x 1548.78625pt>
File: pics/logo.jpg Graphic file (type jpg)
 <use pics/logo.jpg>
Package pdftex.def Info: pics/logo.jpg used on input line 5.
(pdftex.def)             Requested size: 132.0pt x 172.44667pt.
LaTeX Font Info:    Font shape `T1/phv/m/n' will be
(Font)              scaled to size 10.79993pt on input line 9.
LaTeX Font Info:    Font shape `T1/phv/m/n' will be
(Font)              scaled to size 15.55188pt on input line 9.
LaTeX Font Info:    Font shape `T1/ptm/bx/n' in size <12> not available
(Font)              Font shape `T1/ptm/b/n' tried instead on input line 13.
LaTeX Font Info:    Font shape `T1/ptm/bx/n' in size <17.28> not available
(Font)              Font shape `T1/ptm/b/n' tried instead on input line 13.
LaTeX Font Info:    Font shape `T1/phv/bx/n' in size <17.28> not available
(Font)              Font shape `T1/phv/b/n' tried instead on input line 13.
LaTeX Font Info:    Font shape `T1/phv/b/n' will be
(Font)              scaled to size 15.55188pt on input line 13.
LaTeX Font Info:    Font shape `T1/phv/m/n' will be
(Font)              scaled to size 12.9599pt on input line 17.
LaTeX Font Info:    Try loading font information for OT1+ptmcm on input line 24.

("C:\Program Files\MiKTeX 2.9\tex\latex\psnfss\ot1ptmcm.fd"
File: ot1ptmcm.fd 2000/01/03 Fontinst v1.801 font definitions for OT1/ptmcm.
)
LaTeX Font Info:    Try loading font information for OML+ptmcm on input line 24.
 ("C:\Program Files\MiKTeX 2.9\tex\latex\psnfss\omlptmcm.fd"
File: omlptmcm.fd 2000/01/03 Fontinst v1.801 font definitions for OML/ptmcm.
)
LaTeX Font Info:    Try loading font information for OMX+psycm on input line 24.
 ("C:\Program Files\MiKTeX 2.9\tex\latex\psnfss\omxpsycm.fd"
File: omxpsycm.fd 2000/01/03 Fontinst v1.801 font definitions for OMX/psycm.
)
LaTeX Font Info:    Font shape `OT1/ptm/bx/n' in size <12> not available
(Font)              Font shape `OT1/ptm/b/n' tried instead on input line 24.
LaTeX Font Info:    Font shape `OT1/ptm/bx/n' in size <9> not available
(Font)              Font shape `OT1/ptm/b/n' tried instead on input line 24.
LaTeX Font Info:    Font shape `OT1/ptm/bx/n' in size <7> not available
(Font)              Font shape `OT1/ptm/b/n' tried instead on input line 24.
 [1



{C:/ProgramData/MiKTeX/2.9/pdftex/config/pdftex.map} <./pics/logo.jpg>])
LaTeX Font Info:    Font shape `T1/phv/bx/n' in size <12> not available
(Font)              Font shape `T1/phv/b/n' tried instead on input line 15.
LaTeX Font Info:    Font shape `T1/phv/b/n' will be
(Font)              scaled to size 10.79993pt on input line 15.
LaTeX Font Info:    Font shape `T1/phv/bx/n' in size <24.88> not available
(Font)              Font shape `T1/phv/b/n' tried instead on input line 15.
LaTeX Font Info:    Font shape `T1/phv/b/n' will be
(Font)              scaled to size 22.39185pt on input line 15.
 [2

] (MT.toc
LaTeX Font Info:    Font shape `T1/phv/bx/n' in size <14.4> not available
(Font)              Font shape `T1/phv/b/n' tried instead on input line 1.
LaTeX Font Info:    Font shape `T1/phv/b/n' will be
(Font)              scaled to size 12.9599pt on input line 1.
)
\tf@toc=\write6
\openout6 = `MT.toc'.

 [3

] (MT.lof

LaTeX Warning: Citation `WiFr2001' on page IV undefined on input line 4.

)
\tf@lof=\write7
\openout7 = `MT.lof'.

 [4

] (MT.lot)
\tf@lot=\write8
\openout8 = `MT.lot'.

 [5

] (MT.los)
\tf@los=\write9
\openout9 = `MT.los'.

 [6

] (MT.lob)
\tf@lob=\write10
\openout10 = `MT.lob'.

 [7

] (MT.low)
\tf@low=\write11
\openout11 = `MT.low'.

 [8

]
\c@Verzeichnisseitenzahl=\count108

part I.
Package scrkbase Info: You've told me to use the font selection of the element
(scrkbase)             `partprefix' that is an alias of element `partnumber'
(scrkbase)              on input line 49.
pdfTeX warning (ext4): destination with the same identifier (name{page.1}) has been already used, duplicate ignored
<to be read again> 
                   \relax 
l.49 \part{Support Vector Machines}
                                    [1

] [2]
\openout2 = `Kapitel/Support_Vector_Klassifikation.aux'.

 (Kapitel/Support_Vector_Klassifikation.tex
chapter 1.
Package hyperref Info: bookmark level for unknown symbol defaults to 0 on input line 30.
[3


]
LaTeX Font Info:    Font shape `OT1/ptm/bx/n' in size <10> not available
(Font)              Font shape `OT1/ptm/b/n' tried instead on input line 62.
LaTeX Font Info:    Font shape `OT1/ptm/bx/n' in size <7.4> not available
(Font)              Font shape `OT1/ptm/b/n' tried instead on input line 62.
LaTeX Font Info:    Font shape `OT1/ptm/bx/n' in size <6> not available
(Font)              Font shape `OT1/ptm/b/n' tried instead on input line 62.
) [4] [5]
chapter 2.
[6


]
part II.
Package scrkbase Info: You've told me to use the font selection of the element
(scrkbase)             `partprefix' that is an alias of element `partnumber'
(scrkbase)              on input line 57.
[7

]
\openout2 = `Kapitel/Noch_ein_Kapitel.aux'.

 (Kapitel/Noch_ein_Kapitel.tex
chapter 3.
<pics/hyperebenen.jpg, id=152, 119.0046pt x 125.268pt>
File: pics/hyperebenen.jpg Graphic file (type jpg)
 <use pics/hyperebenen.jpg>
Package pdftex.def Info: pics/hyperebenen.jpg used on input line 15.
(pdftex.def)             Requested size: 113.81102pt x 119.8048pt.


LaTeX Warning: Citation `WiFr2001' on page 8 undefined on input line 17.


LaTeX Warning: Citation `WiFr2001' on page 8 undefined on input line 17.


LaTeX Warning: Citation `ClLa2014' on page 8 undefined on input line 30.

) [8


 <./pics/hyperebenen.jpg>] [9]
\openout2 = `Kapitel/Literaturverzeichnis.aux'.

 (Kapitel/Literaturverzeichnis.tex (MT.bbl)) [10



]
\openout2 = `Kapitel/Ehrenwoertliche_Erklaerung.aux'.


(Kapitel/Ehrenwoertliche_Erklaerung.tex) [11



]

Class scrreprt Warning: You are using `\begin{appendix}...\end{appendix}'.
(scrreprt)              You should note, that `\appendix' is a mostly globally
(scrreprt)              working command not an enviroment with only local
(scrreprt)              effects. Therefore `\end{appendix}' will neither
(scrreprt)              switch back to normal section numbering nor finish
(scrreprt)              every other effect of `\begin{appendix}'.
(scrreprt)              Nevertheless, some effects may end with
(scrreprt)              `\end{appendix}' and the document may become
(scrreprt)              inconsistent.
(scrreprt)              Because of this, you should remove `\end{appendix}'
(scrreprt)              and replace `\begin{appendix}' by command
(scrreprt)              `\appendix' on input line 69.

\openout2 = `Kapitel/Ausgewaehlte_Beweise.aux'.

(Kapitel/Ausgewaehlte_Beweise.tex
chapter A.
) [9



] (Kapitel/Abstract.tex
LaTeX Font Info:    Font shape `OMS/ptm/m/n' in size <12> not available
(Font)              Font shape `OMS/pzccm/m/n' tried instead on input line 7.
)
Package atveryend Info: Empty hook `BeforeClearDocument' on input line 81.
 [10

]
Package atveryend Info: Empty hook `AfterLastShipout' on input line 81.
 (MT.aux (Kapitel/Support_Vector_Klassifikation.aux) (Kapitel/Noch_ein_Kapitel.aux)
(Kapitel/Literaturverzeichnis.aux) (Kapitel/Ehrenwoertliche_Erklaerung.aux) (Kapitel/Ausgewaehlte_Beweise.aux))
Package atveryend Info: Executing hook `AtVeryEndDocument' on input line 81.
Package atveryend Info: Executing hook `AtEndAfterFileList' on input line 81.
Package rerunfilecheck Info: File `MT.out' has not changed.
(rerunfilecheck)             Checksum: C8498D53DAEB35D00C618D01527E2638;769.


LaTeX Warning: There were undefined references.


LaTeX Warning: Label(s) may have changed. Rerun to get cross-references right.

Package atveryend Info: Empty hook `AtVeryVeryEnd' on input line 81.
 ) 
Here is how much of TeX's memory you used:
 8451 strings out of 493323
 134464 string characters out of 3139062
 310532 words of memory out of 3000000
 11751 multiletter control sequences out of 15000+200000
 72605 words of font info for 93 fonts, out of 3000000 for 9000
 1141 hyphenation exceptions out of 8191
 44i,10n,66p,8875b,397s stack positions out of 5000i,500n,10000p,200000b,50000s
{C:/Program Files/MiKTeX 2.9/fonts/enc/dvips/base/8r.enc}<C:/Program Files/MiKTeX 2.9/fonts/type1/public/amsfonts/cm/c
mmi10.pfb><C:/Program Files/MiKTeX 2.9/fonts/type1/public/amsfonts/cm/cmr10.pfb><C:/Program Files/MiKTeX 2.9/fonts/type1
/public/amsfonts/cm/cmsy10.pfb><C:/Program Files/MiKTeX 2.9/fonts/type1/urw/courier/ucrr8a.pfb><C:/Program Files/MiKTeX 
2.9/fonts/type1/urw/helvetic/uhvb8a.pfb><C:/Program Files/MiKTeX 2.9/fonts/type1/urw/helvetic/uhvr8a.pfb><C:/Program Fil
es/MiKTeX 2.9/fonts/type1/urw/times/utmb8a.pfb><C:/Program Files/MiKTeX 2.9/fonts/type1/urw/times/utmr8a.pfb><C:/Program
 Files/MiKTeX 2.9/fonts/type1/urw/times/utmr8a.pfb><C:/Program Files/MiKTeX 2.9/fonts/type1/urw/times/utmri8a.pfb>
Output written on MT.pdf (21 pages, 1665037 bytes).
PDF statistics:
 233 PDF objects out of 1000 (max. 8388607)
 51 named destinations out of 1000 (max. 500000)
 107 words of extra memory for PDF output out of 10000 (max. 10000000)

